<?xml version="1.0" encoding="UTF-8"?>
<testsuite name="censusanalyser.CensusAnalyserTest" tests="10" skipped="0" failures="0" errors="0" timestamp="2020-08-23T02:15:53" hostname="LAPTOP-2I7PNUC9" time="0.424">
  <properties/>
  <testcase name="givenIndiaStateCodeData_WithWrongFile_ShouldThrowException" classname="censusanalyser.CensusAnalyserTest" time="0.012"/>
  <testcase name="givenIndiaStateCodeData_WithIncorrectHeader_ShouldThrowException" classname="censusanalyser.CensusAnalyserTest" time="0.253"/>
  <testcase name="givenIndiaStateCodeData_WithWrongDelimiter_ShouldThrowException" classname="censusanalyser.CensusAnalyserTest" time="0.0"/>
  <testcase name="givenIndianCensusCSVFileReturnsCorrectRecords" classname="censusanalyser.CensusAnalyserTest" time="0.069"/>
  <testcase name="givenIndiaCensusData_WithWrongDelimiter_ShouldThrowException" classname="censusanalyser.CensusAnalyserTest" time="0.0"/>
  <testcase name="givenIndiaStateCodeData_WithWrongType_ShouldThrowException" classname="censusanalyser.CensusAnalyserTest" time="0.001"/>
  <testcase name="givenIndiaCensusData_WithIncorrectHeader_ShouldThrowException" classname="censusanalyser.CensusAnalyserTest" time="0.042"/>
  <testcase name="givenIndiaStateCodeCSVFileReturnsCorrectRecords" classname="censusanalyser.CensusAnalyserTest" time="0.039"/>
  <testcase name="givenIndiaCensusData_WithWrongFile_ShouldThrowException" classname="censusanalyser.CensusAnalyserTest" time="0.001"/>
  <testcase name="givenIndiaCensusData_WithWrongType_ShouldThrowException" classname="censusanalyser.CensusAnalyserTest" time="0.001"/>
  <system-out><![CDATA[]]></system-out>
  <system-err><![CDATA[]]></system-err>
</testsuite>
